number,value,datetime_start,datetime_complete,duration,params_colsample_bytree,params_gamma,params_learning_rate,params_max_depth,params_min_child_weight,params_n_estimators,params_reg_alpha,params_reg_lambda,params_subsample,user_attrs_cv_ap_std,system_attrs_tpe:relative_params:0,state
0,0.5054037293848779,2026-10-04 16:21:49.352802,2026-10-04 16:21:59.427238,0 days 00:00:10.074436,0.662397808134481,0.2904180608409973,0.17254716573280354,7,6,500,2.1423021757741068,0.3849583075868115,0.6624074561769746,0.019000240395884892,,COMPLETE
1,0.5522345604349077,2026-10-04 16:21:59.454712,2026-10-04 16:22:17.537786,0 days 00:00:18.083074,0.6727299868828402,0.9170225492671691,0.010636066512540286,8,9,800,0.0033205591037519565,0.18071456341395586,0.6849356442713105,0.011094400162334794,,COMPLETE
2,0.5571114909021218,2026-10-04 16:22:17.567562,2026-10-04 16:22:27.583607,0 days 00:00:10.016045,0.7465447373174767,2.28034992108518,0.023927528765580644,6,2,550,0.8431013932082461,0.007224419004573213,0.7168578594140873,0.013062682818620506,,COMPLETE
3,0.5614089252150348,2026-10-04 16:22:27.609766,2026-10-04 16:22:34.363935,0 days 00:00:06.754169,0.6260206371941118,4.7444276862666666,0.05898602410432694,3,7,650,6.732248920775331,2.9987567784441875,0.6682096494749166,0.015152876862392325,,COMPLETE
4,0.5581559228498967,2026-10-04 16:22:34.399204,2026-10-04 16:22:46.213756,0 days 00:00:11.814552,0.798070764044508,0.17194260557609198,0.013399060561509796,7,5,450,3.5204810455260365,0.01297240393071079,0.6488152939379115,0.013467512164690568,,COMPLETE
5,0.5629954946672513,2026-10-04 16:22:46.231093,2026-10-04 16:22:55.821928,0 days 00:00:09.590835,0.9878338511058234,3.8756641168055728,0.02544166090938368,6,6,750,4.9830438374949075,7.057961339161952,0.6739417822102108,0.01371092273866009,,COMPLETE
6,0.5284258146811356,2026-10-04 16:22:55.852405,2026-10-04 16:23:05.343668,0 days 00:00:09.491263,0.7301321323053057,1.9433864484474102,0.15826541904647565,3,2,700,0.002273762810253686,3.6679624869306977,0.6180909155642152,0.012823718087142494,,COMPLETE
7,0.563517707885484,2026-10-04 16:23:05.361720,2026-10-04 16:23:11.960511,0 days 00:00:06.598791,0.6298202574719083,4.9344346830025865,0.023200867504756827,6,2,500,0.7264803074826727,0.007156194022692475,0.9208787923016158,0.013736910863146495,,COMPLETE
8,0.5513719417113251,2026-10-04 16:23:11.990388,2026-10-04 16:23:15.844476,0 days 00:00:03.854088,0.6296178606936361,1.7923286427213632,0.11506408247250169,7,8,250,0.00037961668958008145,5.15505999557513,0.9085081386743783,0.010668143152670846,,COMPLETE
9,0.5613367900559669,2026-10-04 16:23:15.862377,2026-10-04 16:23:24.001975,0 days 00:00:08.139598,0.8918424713352255,3.1877873567760657,0.026946865572417687,3,4,700,2.7293781650374753,0.10740155209032688,0.7300733288106989,0.015257693664897338,,COMPLETE
10,0.5641650411600916,2026-10-04 16:23:24.020201,2026-10-04 16:23:31.335388,0 days 00:00:07.315187,0.6161252269117202,4.548668686599575,0.012326931707972865,6,4,450,0.0025332868359811238,5.105650343788805,0.8462022661076123,0.013406024346444273,"{""colsample_bytree"": 0.6161252269117202, ""gamma"": 4.548668686599575, ""learning_rate"": 0.012326931707972865, ""max_depth"": 6, ""min_child_weight"": 4, ""n_estimators"": 450, ""reg_alpha"": 0.0025332868359811238, ""reg_lambda"": 5.105650343788805, ""subsample"": 0.8462022661076123}",COMPLETE
11,0.5637513567338106,2026-10-04 16:23:31.364491,2026-10-04 16:23:37.212204,0 days 00:00:05.847713,0.6817815269995879,4.36545455042895,0.034602105042956195,6,1,450,0.5115763412988616,0.023171186752170808,0.8453134741237255,0.01224158217741349,"{""colsample_bytree"": 0.6817815269995879, ""gamma"": 4.36545455042895, ""learning_rate"": 0.034602105042956195, ""max_depth"": 6, ""min_child_weight"": 1, ""n_estimators"": 450, ""reg_alpha"": 0.5115763412988616, ""reg_lambda"": 0.023171186752170808, ""subsample"": 0.8453134741237255}",COMPLETE
12,0.5635722198959907,2026-10-04 16:23:37.228924,2026-10-04 16:23:44.154973,0 days 00:00:06.926049,0.6939905153257829,4.52652464950713,0.0367886473758303,6,2,600,0.005661992510447868,15.88489664180867,0.7995185802075637,0.013811492180411921,"{""colsample_bytree"": 0.6939905153257829, ""gamma"": 4.52652464950713, ""learning_rate"": 0.0367886473758303, ""max_depth"": 6, ""min_child_weight"": 2, ""n_estimators"": 600, ""reg_alpha"": 0.005661992510447868, ""reg_lambda"": 15.88489664180867, ""subsample"": 0.7995185802075637}",COMPLETE
13,0.5628043821832864,2026-10-04 16:23:44.172335,2026-10-04 16:23:49.872534,0 days 00:00:05.700199,0.6197595164807164,4.42804906874135,0.024899188071208875,5,1,250,0.00011483064043943663,9.096282971227911,0.7355994813684266,0.01475208273659405,"{""colsample_bytree"": 0.6197595164807164, ""gamma"": 4.42804906874135, ""learning_rate"": 0.024899188071208875, ""max_depth"": 5, ""min_child_weight"": 1, ""n_estimators"": 250, ""reg_alpha"": 0.00011483064043943663, ""reg_lambda"": 9.096282971227911, ""subsample"": 0.7355994813684266}",COMPLETE
14,0.5646489029731571,2026-10-04 16:23:49.896617,2026-10-04 16:23:56.947743,0 days 00:00:07.051126,0.665000188843131,4.938497252961813,0.010377386821097128,5,2,300,0.019573303651644194,0.4928303254064323,0.8585022555764383,0.013229143362859418,"{""colsample_bytree"": 0.665000188843131, ""gamma"": 4.938497252961813, ""learning_rate"": 0.010377386821097128, ""max_depth"": 5, ""min_child_weight"": 2, ""n_estimators"": 300, ""reg_alpha"": 0.019573303651644194, ""reg_lambda"": 0.4928303254064323, ""subsample"": 0.8585022555764383}",COMPLETE
15,0.5630270363880502,2026-10-04 16:23:56.978634,2026-10-04 16:24:05.448477,0 days 00:00:08.469843,0.6390346629797491,3.924297129698571,0.011304762518913207,7,3,450,0.0005052217674855949,8.85583375876365,0.9619230426530415,0.014212686610846582,"{""colsample_bytree"": 0.6390346629797491, ""gamma"": 3.924297129698571, ""learning_rate"": 0.011304762518913207, ""max_depth"": 7, ""min_child_weight"": 3, ""n_estimators"": 450, ""reg_alpha"": 0.0005052217674855949, ""reg_lambda"": 8.85583375876365, ""subsample"": 0.9619230426530415}",COMPLETE
16,0.5645068978569145,2026-10-04 16:24:05.468260,2026-10-04 16:24:12.589636,0 days 00:00:07.121376,0.680013362499996,3.859315746847372,0.010074130630119141,5,2,350,0.06058691451703018,0.07501765762878745,0.8369735379516213,0.013702426930961133,"{""colsample_bytree"": 0.680013362499996, ""gamma"": 3.859315746847372, ""learning_rate"": 0.010074130630119141, ""max_depth"": 5, ""min_child_weight"": 2, ""n_estimators"": 350, ""reg_alpha"": 0.06058691451703018, ""reg_lambda"": 0.07501765762878745, ""subsample"": 0.8369735379516213}",COMPLETE
17,0.564987567262922,2026-10-04 16:24:12.608636,2026-10-04 16:24:19.771738,0 days 00:00:07.163102,0.7400053490734375,4.560622465302938,0.013821110223100539,5,1,350,0.0630146564291872,0.32611212071284595,0.7510697445404928,0.012585572531037058,"{""colsample_bytree"": 0.7400053490734375, ""gamma"": 4.560622465302938, ""learning_rate"": 0.013821110223100539, ""max_depth"": 5, ""min_child_weight"": 1, ""n_estimators"": 350, ""reg_alpha"": 0.0630146564291872, ""reg_lambda"": 0.32611212071284595, ""subsample"": 0.7510697445404928}",COMPLETE
18,0.5653475065442906,2026-10-04 16:24:19.801423,2026-10-04 16:24:25.776037,0 days 00:00:05.974614,0.7726295008269971,3.344851597277776,0.014014174773422847,5,3,300,0.0975057347018157,1.978980351691466,0.7533745107087932,0.013446002103793922,"{""colsample_bytree"": 0.7726295008269971, ""gamma"": 3.344851597277776, ""learning_rate"": 0.014014174773422847, ""max_depth"": 5, ""min_child_weight"": 3, ""n_estimators"": 300, ""reg_alpha"": 0.0975057347018157, ""reg_lambda"": 1.978980351691466, ""subsample"": 0.7533745107087932}",COMPLETE
19,0.5653648652922013,2026-10-04 16:24:25.816492,2026-10-04 16:24:30.375464,0 days 00:00:04.558972,0.740453400749627,4.399010900475242,0.03665091579402653,4,1,350,0.3517238869531762,0.4549362143030282,0.8094533407500938,0.012639453015956249,"{""colsample_bytree"": 0.740453400749627, ""gamma"": 4.399010900475242, ""learning_rate"": 0.03665091579402653, ""max_depth"": 4, ""min_child_weight"": 1, ""n_estimators"": 350, ""reg_alpha"": 0.3517238869531762, ""reg_lambda"": 0.4549362143030282, ""subsample"": 0.8094533407500938}",COMPLETE
20,0.5637291598190174,2026-10-04 16:24:30.403349,2026-10-04 16:24:35.648226,0 days 00:00:05.244877,0.7281581934799027,3.3272166323132293,0.0182390414239866,5,5,300,0.3684632877846187,3.989296478281679,0.8275191484034539,0.0141754634511486,"{""colsample_bytree"": 0.7281581934799027, ""gamma"": 3.3272166323132293, ""learning_rate"": 0.0182390414239866, ""max_depth"": 5, ""min_child_weight"": 5, ""n_estimators"": 300, ""reg_alpha"": 0.3684632877846187, ""reg_lambda"": 3.989296478281679, ""subsample"": 0.8275191484034539}",COMPLETE
21,0.5665690413035814,2026-10-04 16:24:35.666901,2026-10-04 16:24:41.089796,0 days 00:00:05.422895,0.7033387080163427,3.950218790438706,0.015056138788764583,5,1,300,0.2239432027975281,0.10565963013430783,0.6313325999942377,0.012215131897351511,"{""colsample_bytree"": 0.7033387080163427, ""gamma"": 3.950218790438706, ""learning_rate"": 0.015056138788764583, ""max_depth"": 5, ""min_child_weight"": 1, ""n_estimators"": 300, ""reg_alpha"": 0.2239432027975281, ""reg_lambda"": 0.10565963013430783, ""subsample"": 0.6313325999942377}",COMPLETE
22,0.5607242478088192,2026-10-04 16:24:41.117360,2026-10-04 16:24:44.956235,0 days 00:00:03.838875,0.6813128271990996,4.328824642342839,0.0733434663943321,5,3,300,0.44318352219682144,0.16120330492689613,0.7464170749721,0.013514660649956288,"{""colsample_bytree"": 0.6813128271990996, ""gamma"": 4.328824642342839, ""learning_rate"": 0.0733434663943321, ""max_depth"": 5, ""min_child_weight"": 3, ""n_estimators"": 300, ""reg_alpha"": 0.44318352219682144, ""reg_lambda"": 0.16120330492689613, ""subsample"": 0.7464170749721}",COMPLETE
23,0.5645313320286863,2026-10-04 16:24:44.976415,2026-10-04 16:24:53.180029,0 days 00:00:08.203614,0.6767203356324816,3.4386636462876843,0.012901348711216329,5,2,500,0.09474138837562145,0.19500993523627028,0.6348365480769114,0.012771021759277908,"{""colsample_bytree"": 0.6767203356324816, ""gamma"": 3.4386636462876843, ""learning_rate"": 0.012901348711216329, ""max_depth"": 5, ""min_child_weight"": 2, ""n_estimators"": 500, ""reg_alpha"": 0.09474138837562145, ""reg_lambda"": 0.19500993523627028, ""subsample"": 0.6348365480769114}",COMPLETE
24,0.5647066827145532,2026-10-04 16:24:53.198932,2026-10-04 16:24:57.010036,0 days 00:00:03.811104,0.7451761194797142,3.4472745053923814,0.025686334398378648,4,2,250,0.06048503542388535,0.1008543001963913,0.7889040717060966,0.01465903336795952,"{""colsample_bytree"": 0.7451761194797142, ""gamma"": 3.4472745053923814, ""learning_rate"": 0.025686334398378648, ""max_depth"": 4, ""min_child_weight"": 2, ""n_estimators"": 250, ""reg_alpha"": 0.06048503542388535, ""reg_lambda"": 0.1008543001963913, ""subsample"": 0.7889040717060966}",COMPLETE
25,0.5653528246789639,2026-10-04 16:24:57.026750,2026-10-04 16:25:03.509221,0 days 00:00:06.482471,0.8382674801641307,4.141311566263152,0.01223546935407653,5,3,350,0.037072839849965816,1.6853215447137528,0.7259229419972727,0.013116877602656325,"{""colsample_bytree"": 0.8382674801641307, ""gamma"": 4.141311566263152, ""learning_rate"": 0.01223546935407653, ""max_depth"": 5, ""min_child_weight"": 3, ""n_estimators"": 350, ""reg_alpha"": 0.037072839849965816, ""reg_lambda"": 1.6853215447137528, ""subsample"": 0.7259229419972727}",COMPLETE
26,0.5651813319741876,2026-10-04 16:25:03.527935,2026-10-04 16:25:08.410639,0 days 00:00:04.882704,0.7483312225836734,4.563322164175817,0.024522749324902896,5,1,300,0.008526597326964999,1.8309423694261513,0.6819313817167859,0.01218828660527179,"{""colsample_bytree"": 0.7483312225836734, ""gamma"": 4.563322164175817, ""learning_rate"": 0.024522749324902896, ""max_depth"": 5, ""min_child_weight"": 1, ""n_estimators"": 300, ""reg_alpha"": 0.008526597326964999, ""reg_lambda"": 1.8309423694261513, ""subsample"": 0.6819313817167859}",COMPLETE
27,0.5652283030746427,2026-10-04 16:25:08.429137,2026-10-04 16:25:15.318660,0 days 00:00:06.889523,0.7015844938460776,4.830179762298993,0.02635619767581548,4,1,450,0.675600434120168,0.1971410374206919,0.7146783123096495,0.012858207910562431,"{""colsample_bytree"": 0.7015844938460776, ""gamma"": 4.830179762298993, ""learning_rate"": 0.02635619767581548, ""max_depth"": 4, ""min_child_weight"": 1, ""n_estimators"": 450, ""reg_alpha"": 0.675600434120168, ""reg_lambda"": 0.1971410374206919, ""subsample"": 0.7146783123096495}",COMPLETE
28,0.5646106881348822,2026-10-04 16:25:15.337338,2026-10-04 16:25:19.425816,0 days 00:00:04.088478,0.7232691034443659,3.510085026189825,0.04517131338524545,4,2,250,0.5813991629049694,0.06774876022096518,0.6135673451472352,0.01370156747547478,"{""colsample_bytree"": 0.7232691034443659, ""gamma"": 3.510085026189825, ""learning_rate"": 0.04517131338524545, ""max_depth"": 4, ""min_child_weight"": 2, ""n_estimators"": 250, ""reg_alpha"": 0.5813991629049694, ""reg_lambda"": 0.06774876022096518, ""subsample"": 0.6135673451472352}",COMPLETE
29,0.5611268498757342,2026-10-04 16:25:19.443445,2026-10-04 16:25:25.019192,0 days 00:00:05.575747,0.8100079679733756,4.7108429292431095,0.05941013751756729,5,2,450,0.9460998981403711,0.5119059525288251,0.807460719838295,0.012883606174741198,"{""colsample_bytree"": 0.8100079679733756, ""gamma"": 4.7108429292431095, ""learning_rate"": 0.05941013751756729, ""max_depth"": 5, ""min_child_weight"": 2, ""n_estimators"": 450, ""reg_alpha"": 0.9460998981403711, ""reg_lambda"": 0.5119059525288251, ""subsample"": 0.807460719838295}",COMPLETE
